[0m22:39:12.232045 [debug] [MainThread]: Sending event: {'category': 'dbt', 'action': 'invocation', 'label': 'start', 'context': [<snowplow_tracker.self_describing_json.SelfDescribingJson object at 0x106fc7ca0>, <snowplow_tracker.self_describing_json.SelfDescribingJson object at 0x10859b4c0>, <snowplow_tracker.self_describing_json.SelfDescribingJson object at 0x10859ae00>]}


============================== 22:39:12.234867 | 2de3bc4c-30a6-48c6-a712-bc2bcb89499d ==============================
[0m22:39:12.234867 [info ] [MainThread]: Running with dbt=1.11.6
[0m22:39:12.235203 [debug] [MainThread]: running dbt with arguments {'warn_error_options': 'WarnErrorOptionsV2(error=[], warn=[], silence=[])', 'log_cache_events': 'False', 'indirect_selection': 'eager', 'quiet': 'False', 'no_print': 'None', 'partial_parse': 'True', 'empty': 'None', 'use_experimental_parser': 'False', 'cache_selected_only': 'False', 'use_colors': 'True', 'target_path': 'None', 'log_path': 'logs', 'send_anonymous_usage_stats': 'True', 'introspect': 'True', 'debug': 'False', 'profiles_dir': '/Users/lindu/.dbt', 'printer_width': '80', 'version_check': 'True', 'static_parser': 'True', 'warn_error': 'None', 'invocation_command': 'dbt init bnl_dbt', 'fail_fast': 'False', 'write_json': 'True', 'log_format': 'default'}
[0m22:39:12.242648 [debug] [MainThread]: Starter project path: /Users/lindu/dbt_projects/bnl-segmentation-dbt/.venv/lib/python3.10/site-packages/dbt/include/starter_project
[0m22:39:12.246648 [info ] [MainThread]: 
Your new dbt project "bnl_dbt" was created!

For more information on how to configure the profiles.yml file,
please consult the dbt documentation here:

  https://docs.getdbt.com/docs/configure-your-profile

One more thing:

Need help? Don't hesitate to reach out to us via GitHub issues or on Slack:

  https://community.getdbt.com/

Happy modeling!

[0m22:39:12.246963 [info ] [MainThread]: Setting up your profile.
[0m22:39:18.994389 [debug] [MainThread]: Resource report: {"command_name": "init", "command_success": true, "command_wall_clock_time": 6.8045497, "process_in_blocks": "0", "process_kernel_time": 0.149956, "process_mem_max_rss": "116604928", "process_out_blocks": "0", "process_user_time": 0.88417}
[0m22:39:18.994829 [debug] [MainThread]: Command `dbt init` succeeded at 22:39:18.994761 after 6.81 seconds
[0m22:39:18.995090 [debug] [MainThread]: Sending event: {'category': 'dbt', 'action': 'invocation', 'label': 'end', 'context': [<snowplow_tracker.self_describing_json.SelfDescribingJson object at 0x106fc7ca0>, <snowplow_tracker.self_describing_json.SelfDescribingJson object at 0x10859b8b0>, <snowplow_tracker.self_describing_json.SelfDescribingJson object at 0x108599c00>]}
[0m22:39:18.995342 [debug] [MainThread]: Flushing usage events
[0m22:39:19.220888 [debug] [MainThread]: An error was encountered while trying to flush usage events
